[yongxv-bishe] [2020-05-17 17:18:14.313+0800] [com.yongxv.bishe.zhanshi.Application] [main] [INFO] Starting Application on gaoyongxudeMacBook-Pro.local with PID 69022 (/Users/gaomac/workspace/yongxv-bishe/target/classes started by gaomac in /Users/gaomac/workspace/yongxv-bishe) 
[yongxv-bishe] [2020-05-17 17:18:14.315+0800] [com.yongxv.bishe.zhanshi.Application] [main] [INFO] The following profiles are active: dev 
[yongxv-bishe] [2020-05-17 17:18:15.213+0800] [org.springframework.data.repository.config.RepositoryConfigurationDelegate] [main] [INFO] Bootstrapping Spring Data repositories in DEFAULT mode. 
[yongxv-bishe] [2020-05-17 17:18:15.229+0800] [org.springframework.data.repository.config.RepositoryConfigurationDelegate] [main] [INFO] Finished Spring Data repository scanning in 12ms. Found 0 repository interfaces. 
[yongxv-bishe] [2020-05-17 17:18:15.512+0800] [org.springframework.context.support.PostProcessorRegistrationDelegate$BeanPostProcessorChecker] [main] [INFO] Bean 'org.springframework.ws.config.annotation.DelegatingWsConfiguration' of type [org.springframework.ws.config.annotation.DelegatingWsConfiguration$$EnhancerBySpringCGLIB$$90e1e432] is not eligible for getting processed by all BeanPostProcessors (for example: not eligible for auto-proxying) 
[yongxv-bishe] [2020-05-17 17:18:15.535+0800] [org.springframework.ws.soap.addressing.server.AnnotationActionEndpointMapping] [main] [INFO] Supporting [WS-Addressing August 2004, WS-Addressing 1.0] 
[yongxv-bishe] [2020-05-17 17:18:15.561+0800] [org.springframework.context.support.PostProcessorRegistrationDelegate$BeanPostProcessorChecker] [main] [INFO] Bean 'org.springframework.transaction.annotation.ProxyTransactionManagementConfiguration' of type [org.springframework.transaction.annotation.ProxyTransactionManagementConfiguration$$EnhancerBySpringCGLIB$$ec4a1f33] is not eligible for getting processed by all BeanPostProcessors (for example: not eligible for auto-proxying) 
[yongxv-bishe] [2020-05-17 17:18:15.590+0800] [org.springframework.context.support.PostProcessorRegistrationDelegate$BeanPostProcessorChecker] [main] [INFO] Bean 'spring.datasource.dynamic-com.baomidou.dynamic.datasource.spring.boot.autoconfigure.DynamicDataSourceProperties' of type [com.baomidou.dynamic.datasource.spring.boot.autoconfigure.DynamicDataSourceProperties] is not eligible for getting processed by all BeanPostProcessors (for example: not eligible for auto-proxying) 
[yongxv-bishe] [2020-05-17 17:18:15.592+0800] [org.springframework.context.support.PostProcessorRegistrationDelegate$BeanPostProcessorChecker] [main] [INFO] Bean 'com.baomidou.dynamic.datasource.spring.boot.autoconfigure.DynamicDataSourceAutoConfiguration' of type [com.baomidou.dynamic.datasource.spring.boot.autoconfigure.DynamicDataSourceAutoConfiguration$$EnhancerBySpringCGLIB$$55d89004] is not eligible for getting processed by all BeanPostProcessors (for example: not eligible for auto-proxying) 
[yongxv-bishe] [2020-05-17 17:18:15.596+0800] [org.springframework.context.support.PostProcessorRegistrationDelegate$BeanPostProcessorChecker] [main] [INFO] Bean 'dsProcessor' of type [com.baomidou.dynamic.datasource.processor.DsHeaderProcessor] is not eligible for getting processed by all BeanPostProcessors (for example: not eligible for auto-proxying) 
[yongxv-bishe] [2020-05-17 17:18:15.600+0800] [org.springframework.context.support.PostProcessorRegistrationDelegate$BeanPostProcessorChecker] [main] [INFO] Bean 'dynamicDatasourceAnnotationAdvisor' of type [com.baomidou.dynamic.datasource.aop.DynamicDataSourceAnnotationAdvisor] is not eligible for getting processed by all BeanPostProcessors (for example: not eligible for auto-proxying) 
[yongxv-bishe] [2020-05-17 17:18:15.911+0800] [org.springframework.boot.web.embedded.tomcat.TomcatWebServer] [main] [INFO] Tomcat initialized with port(s): 9001 (http) 
[yongxv-bishe] [2020-05-17 17:18:15.925+0800] [org.apache.coyote.http11.Http11NioProtocol] [main] [INFO] Initializing ProtocolHandler ["http-nio-9001"] 
[yongxv-bishe] [2020-05-17 17:18:15.934+0800] [org.apache.catalina.core.StandardService] [main] [INFO] Starting service [Tomcat] 
[yongxv-bishe] [2020-05-17 17:18:15.934+0800] [org.apache.catalina.core.StandardEngine] [main] [INFO] Starting Servlet engine: [Apache Tomcat/9.0.19] 
[yongxv-bishe] [2020-05-17 17:18:16.026+0800] [org.apache.catalina.core.ContainerBase.[Tomcat].[localhost].[/]] [main] [INFO] Initializing Spring embedded WebApplicationContext 
[yongxv-bishe] [2020-05-17 17:18:16.027+0800] [org.springframework.web.context.ContextLoader] [main] [INFO] Root WebApplicationContext: initialization completed in 1521 ms 
[yongxv-bishe] [2020-05-17 17:18:16.129+0800] [com.zaxxer.hikari.HikariDataSource] [main] [INFO] bishe - Starting... 
[yongxv-bishe] [2020-05-17 17:18:16.134+0800] [com.zaxxer.hikari.util.DriverDataSource] [main] [WARN] Registered driver with driverClassName=com.mysql.jdbc.Driver was not found, trying direct instantiation. 
[yongxv-bishe] [2020-05-17 17:18:16.514+0800] [com.zaxxer.hikari.HikariDataSource] [main] [INFO] bishe - Start completed. 
[yongxv-bishe] [2020-05-17 17:18:16.514+0800] [com.baomidou.dynamic.datasource.DynamicRoutingDataSource] [main] [INFO] dynamic-datasource - load a datasource named [bishe] success 
[yongxv-bishe] [2020-05-17 17:18:16.514+0800] [com.baomidou.dynamic.datasource.DynamicRoutingDataSource] [main] [INFO] dynamic-datasource initial loaded [1] datasource,primary datasource named [bishe] 
[yongxv-bishe] [2020-05-17 17:18:16.722+0800] [org.mongodb.driver.cluster] [main] [INFO] Cluster created with settings {hosts=[47.94.201.4:27017], mode=SINGLE, requiredClusterType=UNKNOWN, serverSelectionTimeout='30000 ms', maxWaitQueueSize=500} 
[yongxv-bishe] [2020-05-17 17:18:17.273+0800] [org.mongodb.driver.connection] [cluster-ClusterId{value='5ec10158f82fdf0d9e98137a', description='null'}-47.94.201.4:27017] [INFO] Opened connection [connectionId{localValue:1, serverValue:1504}] to 47.94.201.4:27017 
[yongxv-bishe] [2020-05-17 17:18:17.303+0800] [springfox.documentation.spring.web.PropertySourcedRequestMappingHandlerMapping] [main] [INFO] Mapped URL path [/v2/api-docs] onto method [public org.springframework.http.ResponseEntity<springfox.documentation.spring.web.json.Json> springfox.documentation.swagger2.web.Swagger2Controller.getDocumentation(java.lang.String,javax.servlet.http.HttpServletRequest)] 
[yongxv-bishe] [2020-05-17 17:18:17.437+0800] [org.springframework.scheduling.concurrent.ThreadPoolTaskExecutor] [main] [INFO] Initializing ExecutorService 'applicationTaskExecutor' 
[yongxv-bishe] [2020-05-17 17:18:17.649+0800] [org.mongodb.driver.cluster] [cluster-ClusterId{value='5ec10158f82fdf0d9e98137a', description='null'}-47.94.201.4:27017] [INFO] Monitor thread successfully connected to server with description ServerDescription{address=47.94.201.4:27017, type=STANDALONE, state=CONNECTED, ok=true, version=ServerVersion{versionList=[4, 2, 2]}, minWireVersion=0, maxWireVersion=8, maxDocumentSize=16777216, logicalSessionTimeoutMinutes=30, roundTripTimeNanos=375210941} 
[yongxv-bishe] [2020-05-17 17:18:17.776+0800] [org.springframework.scheduling.concurrent.ThreadPoolTaskScheduler] [main] [INFO] Initializing ExecutorService 'taskScheduler' 
[yongxv-bishe] [2020-05-17 17:18:17.847+0800] [springfox.documentation.spring.web.plugins.DocumentationPluginsBootstrapper] [main] [INFO] Context refreshed 
[yongxv-bishe] [2020-05-17 17:18:17.867+0800] [springfox.documentation.spring.web.plugins.DocumentationPluginsBootstrapper] [main] [INFO] Found 1 custom documentation plugin(s) 
[yongxv-bishe] [2020-05-17 17:18:17.900+0800] [springfox.documentation.spring.web.scanners.ApiListingReferenceScanner] [main] [INFO] Scanning for api listing references 
[yongxv-bishe] [2020-05-17 17:18:18.123+0800] [org.apache.coyote.http11.Http11NioProtocol] [main] [INFO] Starting ProtocolHandler ["http-nio-9001"] 
[yongxv-bishe] [2020-05-17 17:18:18.149+0800] [org.springframework.boot.web.embedded.tomcat.TomcatWebServer] [main] [INFO] Tomcat started on port(s): 9001 (http) with context path '' 
[yongxv-bishe] [2020-05-17 17:18:18.152+0800] [com.yongxv.bishe.zhanshi.Application] [main] [INFO] Started Application in 4.111 seconds (JVM running for 4.744) 
[yongxv-bishe] [2020-05-17 17:18:18.153+0800] [com.yongxv.bishe.zhanshi.Application] [main] [INFO] yongxv service start success！ 
[yongxv-bishe] [2020-05-17 17:18:50.973+0800] [org.apache.catalina.core.ContainerBase.[Tomcat].[localhost].[/]] [http-nio-9001-exec-1] [INFO] Initializing Spring DispatcherServlet 'dispatcherServlet' 
[yongxv-bishe] [2020-05-17 17:18:50.973+0800] [org.springframework.web.servlet.DispatcherServlet] [http-nio-9001-exec-1] [INFO] Initializing Servlet 'dispatcherServlet' 
[yongxv-bishe] [2020-05-17 17:18:50.981+0800] [org.springframework.web.servlet.DispatcherServlet] [http-nio-9001-exec-1] [INFO] Completed initialization in 8 ms 
[yongxv-bishe] [2020-05-17 17:19:20.202+0800] [org.apache.catalina.core.ContainerBase.[Tomcat].[localhost].[/].[dispatcherServlet]] [http-nio-9001-exec-7] [ERROR] Servlet.service() for servlet [dispatcherServlet] in context with path [] threw exception [Request processing failed; nested exception is org.springframework.web.multipart.MaxUploadSizeExceededException: Maximum upload size exceeded; nested exception is java.lang.IllegalStateException: org.apache.tomcat.util.http.fileupload.FileUploadBase$FileSizeLimitExceededException: The field file exceeds its maximum permitted size of 1048576 bytes.] with root cause 
org.apache.tomcat.util.http.fileupload.FileUploadBase$FileSizeLimitExceededException: The field file exceeds its maximum permitted size of 1048576 bytes.
	at org.apache.tomcat.util.http.fileupload.FileUploadBase$FileItemIteratorImpl$FileItemStreamImpl$1.raiseError(FileUploadBase.java:633)
	at org.apache.tomcat.util.http.fileupload.util.LimitedInputStream.checkLimit(LimitedInputStream.java:76)
	at org.apache.tomcat.util.http.fileupload.util.LimitedInputStream.read(LimitedInputStream.java:135)
	at java.io.FilterInputStream.read(FilterInputStream.java:107)
	at org.apache.tomcat.util.http.fileupload.util.Streams.copy(Streams.java:98)
	at org.apache.tomcat.util.http.fileupload.util.Streams.copy(Streams.java:68)
	at org.apache.tomcat.util.http.fileupload.FileUploadBase.parseRequest(FileUploadBase.java:293)
	at org.apache.catalina.connector.Request.parseParts(Request.java:2855)
	at org.apache.catalina.connector.Request.parseParameters(Request.java:3194)
	at org.apache.catalina.connector.Request.getParameter(Request.java:1116)
	at org.apache.catalina.connector.RequestFacade.getParameter(RequestFacade.java:381)
	at org.springframework.web.filter.HiddenHttpMethodFilter.doFilterInternal(HiddenHttpMethodFilter.java:84)
	at org.springframework.web.filter.OncePerRequestFilter.doFilter(OncePerRequestFilter.java:107)
	at org.apache.catalina.core.ApplicationFilterChain.internalDoFilter(ApplicationFilterChain.java:193)
	at org.apache.catalina.core.ApplicationFilterChain.doFilter(ApplicationFilterChain.java:166)
	at org.springframework.web.filter.CharacterEncodingFilter.doFilterInternal(CharacterEncodingFilter.java:200)
	at org.springframework.web.filter.OncePerRequestFilter.doFilter(OncePerRequestFilter.java:107)
	at org.apache.catalina.core.ApplicationFilterChain.internalDoFilter(ApplicationFilterChain.java:193)
	at org.apache.catalina.core.ApplicationFilterChain.doFilter(ApplicationFilterChain.java:166)
	at org.apache.catalina.core.StandardWrapperValve.invoke(StandardWrapperValve.java:200)
	at org.apache.catalina.core.StandardContextValve.invoke(StandardContextValve.java:96)
	at org.apache.catalina.authenticator.AuthenticatorBase.invoke(AuthenticatorBase.java:490)
	at org.apache.catalina.core.StandardHostValve.invoke(StandardHostValve.java:139)
	at org.apache.catalina.valves.ErrorReportValve.invoke(ErrorReportValve.java:92)
	at org.apache.catalina.core.StandardEngineValve.invoke(StandardEngineValve.java:74)
	at org.apache.catalina.connector.CoyoteAdapter.service(CoyoteAdapter.java:343)
	at org.apache.coyote.http11.Http11Processor.service(Http11Processor.java:408)
	at org.apache.coyote.AbstractProcessorLight.process(AbstractProcessorLight.java:66)
	at org.apache.coyote.AbstractProtocol$ConnectionHandler.process(AbstractProtocol.java:836)
	at org.apache.tomcat.util.net.NioEndpoint$SocketProcessor.doRun(NioEndpoint.java:1747)
	at org.apache.tomcat.util.net.SocketProcessorBase.run(SocketProcessorBase.java:49)
	at java.util.concurrent.ThreadPoolExecutor.runWorker(ThreadPoolExecutor.java:1149)
	at java.util.concurrent.ThreadPoolExecutor$Worker.run(ThreadPoolExecutor.java:624)
	at org.apache.tomcat.util.threads.TaskThread$WrappingRunnable.run(TaskThread.java:61)
	at java.lang.Thread.run(Thread.java:748)
[yongxv-bishe] [2020-05-17 17:20:31.731+0800] [org.springframework.scheduling.concurrent.ThreadPoolTaskScheduler] [Thread-16] [INFO] Shutting down ExecutorService 'taskScheduler' 
[yongxv-bishe] [2020-05-17 17:20:31.731+0800] [org.springframework.scheduling.concurrent.ThreadPoolTaskExecutor] [Thread-16] [INFO] Shutting down ExecutorService 'applicationTaskExecutor' 
[yongxv-bishe] [2020-05-17 17:20:31.734+0800] [com.baomidou.dynamic.datasource.DynamicRoutingDataSource] [Thread-16] [INFO] dynamic-datasource start closing .... 
[yongxv-bishe] [2020-05-17 17:20:31.734+0800] [com.zaxxer.hikari.HikariDataSource] [Thread-16] [INFO] bishe - Shutdown initiated... 
[yongxv-bishe] [2020-05-17 17:20:31.738+0800] [com.zaxxer.hikari.HikariDataSource] [Thread-16] [INFO] bishe - Shutdown completed. 
[yongxv-bishe] [2020-05-17 17:20:31.738+0800] [com.baomidou.dynamic.datasource.DynamicRoutingDataSource] [Thread-16] [INFO] dynamic-datasource all closed success,bye 
