[qianlima-reptile-statistics-service] [2020-04-01 16:59:17.164+0800] [com.zaxxer.hikari.util.DriverDataSource] [main] [WARN] Registered driver with driverClassName=com.mysql.jdbc.Driver was not found, trying direct instantiation. 
[qianlima-reptile-statistics-service] [2020-04-01 16:59:17.514+0800] [com.zaxxer.hikari.util.DriverDataSource] [main] [WARN] Registered driver with driverClassName=com.mysql.jdbc.Driver was not found, trying direct instantiation. 
[qianlima-reptile-statistics-service] [2020-04-01 16:59:17.652+0800] [com.zaxxer.hikari.util.DriverDataSource] [main] [WARN] Registered driver with driverClassName=com.mysql.jdbc.Driver was not found, trying direct instantiation. 
[qianlima-reptile-statistics-service] [2020-04-01 16:59:17.779+0800] [com.zaxxer.hikari.util.DriverDataSource] [main] [WARN] Registered driver with driverClassName=com.mysql.jdbc.Driver was not found, trying direct instantiation. 
[qianlima-reptile-statistics-service] [2020-04-01 16:59:17.902+0800] [com.zaxxer.hikari.util.DriverDataSource] [main] [WARN] Registered driver with driverClassName=com.mysql.jdbc.Driver was not found, trying direct instantiation. 
[qianlima-reptile-statistics-service] [2020-04-01 16:59:18.283+0800] [com.baomidou.mybatisplus.core.metadata.TableInfoHelper] [main] [WARN] Warn: Could not find @TableId in Class: java.util.Map. 
[qianlima-reptile-statistics-service] [2020-04-01 16:59:23.009+0800] [com.xxl.job.core.thread.ExecutorRegistryThread] [Thread-32] [ERROR] sleep interrupted 
java.lang.InterruptedException: sleep interrupted
	at java.lang.Thread.sleep(Native Method)
	at java.lang.Thread.sleep(Thread.java:340)
	at java.util.concurrent.TimeUnit.sleep(TimeUnit.java:386)
	at com.xxl.job.core.thread.ExecutorRegistryThread$1.run(ExecutorRegistryThread.java:75)
	at java.lang.Thread.run(Thread.java:748)
[qianlima-reptile-statistics-service] [2020-04-01 16:59:23.058+0800] [com.xxl.job.core.thread.ExecutorRegistryThread] [Thread-32] [WARN] >>>>>>>>>>>> xxl-job, executor registry thread destory. 
[qianlima-reptile-statistics-service] [2020-04-01 16:59:23.059+0800] [com.xxl.job.core.thread.TriggerCallbackThread] [Thread-33] [ERROR] null 
java.lang.InterruptedException: null
	at java.util.concurrent.locks.AbstractQueuedSynchronizer$ConditionObject.reportInterruptAfterWait(AbstractQueuedSynchronizer.java:2014)
	at java.util.concurrent.locks.AbstractQueuedSynchronizer$ConditionObject.await(AbstractQueuedSynchronizer.java:2048)
	at java.util.concurrent.LinkedBlockingQueue.take(LinkedBlockingQueue.java:442)
	at com.xxl.job.core.thread.TriggerCallbackThread$1.run(TriggerCallbackThread.java:55)
	at java.lang.Thread.run(Thread.java:748)
[qianlima-reptile-statistics-service] [2020-04-01 16:59:23.059+0800] [com.xxl.job.core.thread.TriggerCallbackThread] [Thread-33] [WARN] >>>>>>>>>>>> xxl-job, executor callback thread destory. 
[qianlima-reptile-statistics-service] [2020-04-01 16:59:28.479+0800] [com.zaxxer.hikari.util.DriverDataSource] [main] [WARN] Registered driver with driverClassName=com.mysql.jdbc.Driver was not found, trying direct instantiation. 
[qianlima-reptile-statistics-service] [2020-04-01 16:59:28.759+0800] [com.zaxxer.hikari.util.DriverDataSource] [main] [WARN] Registered driver with driverClassName=com.mysql.jdbc.Driver was not found, trying direct instantiation. 
[qianlima-reptile-statistics-service] [2020-04-01 16:59:28.898+0800] [com.zaxxer.hikari.util.DriverDataSource] [main] [WARN] Registered driver with driverClassName=com.mysql.jdbc.Driver was not found, trying direct instantiation. 
[qianlima-reptile-statistics-service] [2020-04-01 16:59:29.028+0800] [com.zaxxer.hikari.util.DriverDataSource] [main] [WARN] Registered driver with driverClassName=com.mysql.jdbc.Driver was not found, trying direct instantiation. 
[qianlima-reptile-statistics-service] [2020-04-01 16:59:29.147+0800] [com.zaxxer.hikari.util.DriverDataSource] [main] [WARN] Registered driver with driverClassName=com.mysql.jdbc.Driver was not found, trying direct instantiation. 
[qianlima-reptile-statistics-service] [2020-04-01 16:59:29.483+0800] [com.baomidou.mybatisplus.core.metadata.TableInfoHelper] [main] [WARN] Warn: Could not find @TableId in Class: java.util.Map. 
[qianlima-reptile-statistics-service] [2020-04-01 17:13:00.272+0800] [com.xxl.job.core.thread.ExecutorRegistryThread] [Thread-32] [ERROR] sleep interrupted 
java.lang.InterruptedException: sleep interrupted
	at java.lang.Thread.sleep(Native Method)
	at java.lang.Thread.sleep(Thread.java:340)
	at java.util.concurrent.TimeUnit.sleep(TimeUnit.java:386)
	at com.xxl.job.core.thread.ExecutorRegistryThread$1.run(ExecutorRegistryThread.java:75)
	at java.lang.Thread.run(Thread.java:748)
[qianlima-reptile-statistics-service] [2020-04-01 17:13:00.303+0800] [com.xxl.job.core.thread.ExecutorRegistryThread] [Thread-32] [WARN] >>>>>>>>>>>> xxl-job, executor registry thread destory. 
[qianlima-reptile-statistics-service] [2020-04-01 17:13:00.303+0800] [com.xxl.job.core.thread.TriggerCallbackThread] [Thread-33] [ERROR] null 
java.lang.InterruptedException: null
	at java.util.concurrent.locks.AbstractQueuedSynchronizer$ConditionObject.reportInterruptAfterWait(AbstractQueuedSynchronizer.java:2014)
	at java.util.concurrent.locks.AbstractQueuedSynchronizer$ConditionObject.await(AbstractQueuedSynchronizer.java:2048)
	at java.util.concurrent.LinkedBlockingQueue.take(LinkedBlockingQueue.java:442)
	at com.xxl.job.core.thread.TriggerCallbackThread$1.run(TriggerCallbackThread.java:55)
	at java.lang.Thread.run(Thread.java:748)
[qianlima-reptile-statistics-service] [2020-04-01 17:13:00.304+0800] [com.xxl.job.core.thread.TriggerCallbackThread] [Thread-33] [WARN] >>>>>>>>>>>> xxl-job, executor callback thread destory. 
[qianlima-reptile-statistics-service] [2020-04-01 17:22:01.974+0800] [com.zaxxer.hikari.util.DriverDataSource] [main] [WARN] Registered driver with driverClassName=com.mysql.jdbc.Driver was not found, trying direct instantiation. 
[qianlima-reptile-statistics-service] [2020-04-01 17:22:02.274+0800] [com.zaxxer.hikari.util.DriverDataSource] [main] [WARN] Registered driver with driverClassName=com.mysql.jdbc.Driver was not found, trying direct instantiation. 
[qianlima-reptile-statistics-service] [2020-04-01 17:22:02.408+0800] [com.zaxxer.hikari.util.DriverDataSource] [main] [WARN] Registered driver with driverClassName=com.mysql.jdbc.Driver was not found, trying direct instantiation. 
[qianlima-reptile-statistics-service] [2020-04-01 17:22:02.538+0800] [com.zaxxer.hikari.util.DriverDataSource] [main] [WARN] Registered driver with driverClassName=com.mysql.jdbc.Driver was not found, trying direct instantiation. 
[qianlima-reptile-statistics-service] [2020-04-01 17:22:02.662+0800] [com.zaxxer.hikari.util.DriverDataSource] [main] [WARN] Registered driver with driverClassName=com.mysql.jdbc.Driver was not found, trying direct instantiation. 
[qianlima-reptile-statistics-service] [2020-04-01 17:22:02.985+0800] [com.baomidou.mybatisplus.core.metadata.TableInfoHelper] [main] [WARN] Warn: Could not find @TableId in Class: java.util.Map. 
[qianlima-reptile-statistics-service] [2020-04-01 17:31:41.952+0800] [com.xxl.job.core.thread.ExecutorRegistryThread] [Thread-31] [ERROR] sleep interrupted 
java.lang.InterruptedException: sleep interrupted
	at java.lang.Thread.sleep(Native Method)
	at java.lang.Thread.sleep(Thread.java:340)
	at java.util.concurrent.TimeUnit.sleep(TimeUnit.java:386)
	at com.xxl.job.core.thread.ExecutorRegistryThread$1.run(ExecutorRegistryThread.java:75)
	at java.lang.Thread.run(Thread.java:748)
[qianlima-reptile-statistics-service] [2020-04-01 17:31:41.975+0800] [com.xxl.job.core.thread.ExecutorRegistryThread] [Thread-31] [WARN] >>>>>>>>>>>> xxl-job, executor registry thread destory. 
[qianlima-reptile-statistics-service] [2020-04-01 17:31:41.976+0800] [com.xxl.job.core.thread.TriggerCallbackThread] [Thread-32] [ERROR] null 
java.lang.InterruptedException: null
	at java.util.concurrent.locks.AbstractQueuedSynchronizer$ConditionObject.reportInterruptAfterWait(AbstractQueuedSynchronizer.java:2014)
	at java.util.concurrent.locks.AbstractQueuedSynchronizer$ConditionObject.await(AbstractQueuedSynchronizer.java:2048)
	at java.util.concurrent.LinkedBlockingQueue.take(LinkedBlockingQueue.java:442)
	at com.xxl.job.core.thread.TriggerCallbackThread$1.run(TriggerCallbackThread.java:55)
	at java.lang.Thread.run(Thread.java:748)
[qianlima-reptile-statistics-service] [2020-04-01 17:31:41.976+0800] [com.xxl.job.core.thread.TriggerCallbackThread] [Thread-32] [WARN] >>>>>>>>>>>> xxl-job, executor callback thread destory. 
[qianlima-reptile-statistics-service] [2020-04-01 17:31:47.488+0800] [com.zaxxer.hikari.util.DriverDataSource] [main] [WARN] Registered driver with driverClassName=com.mysql.jdbc.Driver was not found, trying direct instantiation. 
[qianlima-reptile-statistics-service] [2020-04-01 17:31:47.765+0800] [com.zaxxer.hikari.util.DriverDataSource] [main] [WARN] Registered driver with driverClassName=com.mysql.jdbc.Driver was not found, trying direct instantiation. 
[qianlima-reptile-statistics-service] [2020-04-01 17:31:47.929+0800] [com.zaxxer.hikari.util.DriverDataSource] [main] [WARN] Registered driver with driverClassName=com.mysql.jdbc.Driver was not found, trying direct instantiation. 
[qianlima-reptile-statistics-service] [2020-04-01 17:31:48.055+0800] [com.zaxxer.hikari.util.DriverDataSource] [main] [WARN] Registered driver with driverClassName=com.mysql.jdbc.Driver was not found, trying direct instantiation. 
[qianlima-reptile-statistics-service] [2020-04-01 17:31:48.169+0800] [com.zaxxer.hikari.util.DriverDataSource] [main] [WARN] Registered driver with driverClassName=com.mysql.jdbc.Driver was not found, trying direct instantiation. 
[qianlima-reptile-statistics-service] [2020-04-01 17:31:48.474+0800] [com.baomidou.mybatisplus.core.metadata.TableInfoHelper] [main] [WARN] Warn: Could not find @TableId in Class: java.util.Map. 
[qianlima-reptile-statistics-service] [2020-04-01 17:44:02.714+0800] [com.xxl.job.core.thread.ExecutorRegistryThread] [Thread-31] [ERROR] sleep interrupted 
java.lang.InterruptedException: sleep interrupted
	at java.lang.Thread.sleep(Native Method)
	at java.lang.Thread.sleep(Thread.java:340)
	at java.util.concurrent.TimeUnit.sleep(TimeUnit.java:386)
	at com.xxl.job.core.thread.ExecutorRegistryThread$1.run(ExecutorRegistryThread.java:75)
	at java.lang.Thread.run(Thread.java:748)
[qianlima-reptile-statistics-service] [2020-04-01 17:44:03.942+0800] [com.xxl.job.core.thread.ExecutorRegistryThread] [Thread-31] [WARN] >>>>>>>>>>>> xxl-job, executor registry thread destory. 
[qianlima-reptile-statistics-service] [2020-04-01 17:44:03.943+0800] [com.xxl.job.core.thread.TriggerCallbackThread] [Thread-32] [ERROR] null 
java.lang.InterruptedException: null
	at java.util.concurrent.locks.AbstractQueuedSynchronizer$ConditionObject.reportInterruptAfterWait(AbstractQueuedSynchronizer.java:2014)
	at java.util.concurrent.locks.AbstractQueuedSynchronizer$ConditionObject.await(AbstractQueuedSynchronizer.java:2048)
	at java.util.concurrent.LinkedBlockingQueue.take(LinkedBlockingQueue.java:442)
	at com.xxl.job.core.thread.TriggerCallbackThread$1.run(TriggerCallbackThread.java:55)
	at java.lang.Thread.run(Thread.java:748)
[qianlima-reptile-statistics-service] [2020-04-01 17:44:03.943+0800] [com.xxl.job.core.thread.TriggerCallbackThread] [Thread-32] [WARN] >>>>>>>>>>>> xxl-job, executor callback thread destory. 
